0 info it worked if it ends with ok
1 verbose cli [ '/usr/bin/node',
1 verbose cli   '/usr/bin/npm',
1 verbose cli   'install',
1 verbose cli   '-g',
1 verbose cli   '--unsafe-perm',
1 verbose cli   'node-red' ]
2 info using npm@2.15.1
3 info using node@v0.12.17
4 verbose node symlink /usr/bin/node
5 verbose install initial load of /usr/local/lib/package.json
6 verbose readDependencies loading dependencies from /usr/local/lib/package.json
7 silly cache add args [ 'node-red', null ]
8 verbose cache add spec node-red
9 silly cache add parsed spec { raw: 'node-red',
9 silly cache add   scope: null,
9 silly cache add   name: 'node-red',
9 silly cache add   rawSpec: '',
9 silly cache add   spec: 'latest',
9 silly cache add   type: 'tag' }
10 silly addNamed node-red@latest
11 verbose addNamed "latest" is being treated as a dist-tag for node-red
12 info addNameTag [ 'node-red', 'latest' ]
13 silly mapToRegistry name node-red
14 silly mapToRegistry using default registry
15 silly mapToRegistry registry https://registry.npmjs.org/
16 silly mapToRegistry data { raw: 'node-red',
16 silly mapToRegistry   scope: null,
16 silly mapToRegistry   name: 'node-red',
16 silly mapToRegistry   rawSpec: '',
16 silly mapToRegistry   spec: 'latest',
16 silly mapToRegistry   type: 'tag' }
17 silly mapToRegistry uri https://registry.npmjs.org/node-red
18 verbose addNameTag registry:https://registry.npmjs.org/node-red not in flight; fetching
19 verbose request uri https://registry.npmjs.org/node-red
20 verbose request no auth needed
21 info attempt registry request try #1 at 1:58:45 PM
22 verbose request id b9c60f8ba7b32f4a
23 http request GET https://registry.npmjs.org/node-red
24 info retry will retry, error on last attempt: Error: getaddrinfo ENOTFOUND registry.npmjs.org
25 info attempt registry request try #2 at 1:58:55 PM
26 http request GET https://registry.npmjs.org/node-red
27 info retry will retry, error on last attempt: Error: getaddrinfo ENOTFOUND registry.npmjs.org
28 info attempt registry request try #3 at 1:59:55 PM
29 http request GET https://registry.npmjs.org/node-red
30 verbose stack Error: getaddrinfo ENOTFOUND registry.npmjs.org
30 verbose stack     at errnoException (dns.js:44:10)
30 verbose stack     at GetAddrInfoReqWrap.onlookup [as oncomplete] (dns.js:94:26)
31 verbose cwd /root
32 error Linux 4.4.30-ti-r64
33 error argv "/usr/bin/node" "/usr/bin/npm" "install" "-g" "--unsafe-perm" "node-red"
34 error node v0.12.17
35 error npm  v2.15.1
36 error code ENOTFOUND
37 error errno ENOTFOUND
38 error syscall getaddrinfo
39 error network getaddrinfo ENOTFOUND registry.npmjs.org
39 error network This is most likely not a problem with npm itself
39 error network and is related to network connectivity.
39 error network In most cases you are behind a proxy or have bad network settings.
39 error network
39 error network If you are behind a proxy, please make sure that the
39 error network 'proxy' config is set properly.  See: 'npm help config'
40 verbose exit [ 1, true ]
